[21:50:36] [INFORMATION] [Microsoft.EntityFrameworkCore.Migrations] No migrations were found in assembly 'iiwi.Database'. A migration needs to be added before the database can be updated.

[21:50:37] [INFORMATION] [Microsoft.EntityFrameworkCore.Database.Command] Executed DbCommand (13ms) [Parameters=[], CommandType='"Text"', CommandTimeout='30']
SELECT 1

[21:50:37] [INFORMATION] [Microsoft.EntityFrameworkCore.Migrations] Acquiring an exclusive lock for migration application. See https://aka.ms/efcore-docs-migrations-lock for more information if this takes too long.

[21:50:37] [INFORMATION] [Microsoft.EntityFrameworkCore.Database.Command] Executed DbCommand (13ms) [Parameters=[], CommandType='"Text"', CommandTimeout='30']
DECLARE @result int;
EXEC @result = sp_getapplock @Resource = '__EFMigrationsLock', @LockOwner = 'Session', @LockMode = 'Exclusive';
SELECT @result

[21:50:37] [INFORMATION] [Microsoft.EntityFrameworkCore.Database.Command] Executed DbCommand (1ms) [Parameters=[], CommandType='"Text"', CommandTimeout='30']
IF OBJECT_ID(N'[__EFMigrationsHistory]') IS NULL
BEGIN
    CREATE TABLE [__EFMigrationsHistory] (
        [MigrationId] nvarchar(150) NOT NULL,
        [ProductVersion] nvarchar(32) NOT NULL,
        CONSTRAINT [PK___EFMigrationsHistory] PRIMARY KEY ([MigrationId])
    );
END;

[21:50:37] [INFORMATION] [Microsoft.EntityFrameworkCore.Database.Command] Executed DbCommand (0ms) [Parameters=[], CommandType='"Text"', CommandTimeout='30']
SELECT 1

[21:50:37] [INFORMATION] [Microsoft.EntityFrameworkCore.Database.Command] Executed DbCommand (0ms) [Parameters=[], CommandType='"Text"', CommandTimeout='30']
SELECT OBJECT_ID(N'[__EFMigrationsHistory]');

[21:50:37] [INFORMATION] [Microsoft.EntityFrameworkCore.Database.Command] Executed DbCommand (1ms) [Parameters=[], CommandType='"Text"', CommandTimeout='30']
SELECT [MigrationId], [ProductVersion]
FROM [__EFMigrationsHistory]
ORDER BY [MigrationId];

[21:50:37] [INFORMATION] [Microsoft.EntityFrameworkCore.Migrations] No migrations were applied. The database is already up to date.

[21:50:37] [INFORMATION] [Microsoft.EntityFrameworkCore.Database.Command] Executed DbCommand (0ms) [Parameters=[], CommandType='"Text"', CommandTimeout='30']
DECLARE @result int;
EXEC @result = sp_releaseapplock @Resource = '__EFMigrationsLock', @LockOwner = 'Session';
SELECT @result

[21:51:19] [INFORMATION] [Microsoft.EntityFrameworkCore.Migrations] No migrations were found in assembly 'iiwi.Database'. A migration needs to be added before the database can be updated.

[21:51:20] [INFORMATION] [Microsoft.EntityFrameworkCore.Database.Command] Executed DbCommand (13ms) [Parameters=[], CommandType='"Text"', CommandTimeout='30']
SELECT 1

[21:51:20] [INFORMATION] [Microsoft.EntityFrameworkCore.Migrations] Acquiring an exclusive lock for migration application. See https://aka.ms/efcore-docs-migrations-lock for more information if this takes too long.

[21:51:20] [INFORMATION] [Microsoft.EntityFrameworkCore.Database.Command] Executed DbCommand (19ms) [Parameters=[], CommandType='"Text"', CommandTimeout='30']
DECLARE @result int;
EXEC @result = sp_getapplock @Resource = '__EFMigrationsLock', @LockOwner = 'Session', @LockMode = 'Exclusive';
SELECT @result

[21:51:20] [INFORMATION] [Microsoft.EntityFrameworkCore.Database.Command] Executed DbCommand (3ms) [Parameters=[], CommandType='"Text"', CommandTimeout='30']
IF OBJECT_ID(N'[__EFMigrationsHistory]') IS NULL
BEGIN
    CREATE TABLE [__EFMigrationsHistory] (
        [MigrationId] nvarchar(150) NOT NULL,
        [ProductVersion] nvarchar(32) NOT NULL,
        CONSTRAINT [PK___EFMigrationsHistory] PRIMARY KEY ([MigrationId])
    );
END;

[21:51:20] [INFORMATION] [Microsoft.EntityFrameworkCore.Database.Command] Executed DbCommand (1ms) [Parameters=[], CommandType='"Text"', CommandTimeout='30']
SELECT 1

[21:51:20] [INFORMATION] [Microsoft.EntityFrameworkCore.Database.Command] Executed DbCommand (1ms) [Parameters=[], CommandType='"Text"', CommandTimeout='30']
SELECT OBJECT_ID(N'[__EFMigrationsHistory]');

[21:51:20] [INFORMATION] [Microsoft.EntityFrameworkCore.Database.Command] Executed DbCommand (6ms) [Parameters=[], CommandType='"Text"', CommandTimeout='30']
SELECT [MigrationId], [ProductVersion]
FROM [__EFMigrationsHistory]
ORDER BY [MigrationId];

[21:51:20] [INFORMATION] [Microsoft.EntityFrameworkCore.Migrations] No migrations were applied. The database is already up to date.

[21:51:20] [INFORMATION] [Microsoft.EntityFrameworkCore.Database.Command] Executed DbCommand (5ms) [Parameters=[], CommandType='"Text"', CommandTimeout='30']
DECLARE @result int;
EXEC @result = sp_releaseapplock @Resource = '__EFMigrationsLock', @LockOwner = 'Session';
SELECT @result

[21:52:30] [INFORMATION] [Microsoft.EntityFrameworkCore.Migrations] No migrations were found in assembly 'iiwi.Database'. A migration needs to be added before the database can be updated.

[21:52:30] [INFORMATION] [Microsoft.EntityFrameworkCore.Database.Command] Executed DbCommand (12ms) [Parameters=[], CommandType='"Text"', CommandTimeout='30']
SELECT 1

[21:52:30] [INFORMATION] [Microsoft.EntityFrameworkCore.Migrations] Acquiring an exclusive lock for migration application. See https://aka.ms/efcore-docs-migrations-lock for more information if this takes too long.

[21:52:31] [INFORMATION] [Microsoft.EntityFrameworkCore.Database.Command] Executed DbCommand (16ms) [Parameters=[], CommandType='"Text"', CommandTimeout='30']
DECLARE @result int;
EXEC @result = sp_getapplock @Resource = '__EFMigrationsLock', @LockOwner = 'Session', @LockMode = 'Exclusive';
SELECT @result

[21:52:31] [INFORMATION] [Microsoft.EntityFrameworkCore.Database.Command] Executed DbCommand (2ms) [Parameters=[], CommandType='"Text"', CommandTimeout='30']
IF OBJECT_ID(N'[__EFMigrationsHistory]') IS NULL
BEGIN
    CREATE TABLE [__EFMigrationsHistory] (
        [MigrationId] nvarchar(150) NOT NULL,
        [ProductVersion] nvarchar(32) NOT NULL,
        CONSTRAINT [PK___EFMigrationsHistory] PRIMARY KEY ([MigrationId])
    );
END;

[21:52:31] [INFORMATION] [Microsoft.EntityFrameworkCore.Database.Command] Executed DbCommand (1ms) [Parameters=[], CommandType='"Text"', CommandTimeout='30']
SELECT 1

[21:52:31] [INFORMATION] [Microsoft.EntityFrameworkCore.Database.Command] Executed DbCommand (1ms) [Parameters=[], CommandType='"Text"', CommandTimeout='30']
SELECT OBJECT_ID(N'[__EFMigrationsHistory]');

[21:52:31] [INFORMATION] [Microsoft.EntityFrameworkCore.Database.Command] Executed DbCommand (2ms) [Parameters=[], CommandType='"Text"', CommandTimeout='30']
SELECT [MigrationId], [ProductVersion]
FROM [__EFMigrationsHistory]
ORDER BY [MigrationId];

[21:52:31] [INFORMATION] [Microsoft.EntityFrameworkCore.Migrations] No migrations were applied. The database is already up to date.

[21:52:31] [INFORMATION] [Microsoft.EntityFrameworkCore.Database.Command] Executed DbCommand (7ms) [Parameters=[], CommandType='"Text"', CommandTimeout='30']
DECLARE @result int;
EXEC @result = sp_releaseapplock @Resource = '__EFMigrationsLock', @LockOwner = 'Session';
SELECT @result

[21:54:53] [INFORMATION] [Microsoft.EntityFrameworkCore.Migrations] No migrations were found in assembly 'iiwi.Database'. A migration needs to be added before the database can be updated.

[21:54:54] [INFORMATION] [Microsoft.EntityFrameworkCore.Database.Command] Executed DbCommand (14ms) [Parameters=[], CommandType='"Text"', CommandTimeout='30']
SELECT 1

[21:54:54] [INFORMATION] [Microsoft.EntityFrameworkCore.Migrations] Acquiring an exclusive lock for migration application. See https://aka.ms/efcore-docs-migrations-lock for more information if this takes too long.

[21:54:54] [INFORMATION] [Microsoft.EntityFrameworkCore.Database.Command] Executed DbCommand (17ms) [Parameters=[], CommandType='"Text"', CommandTimeout='30']
DECLARE @result int;
EXEC @result = sp_getapplock @Resource = '__EFMigrationsLock', @LockOwner = 'Session', @LockMode = 'Exclusive';
SELECT @result

[21:54:54] [INFORMATION] [Microsoft.EntityFrameworkCore.Database.Command] Executed DbCommand (3ms) [Parameters=[], CommandType='"Text"', CommandTimeout='30']
IF OBJECT_ID(N'[__EFMigrationsHistory]') IS NULL
BEGIN
    CREATE TABLE [__EFMigrationsHistory] (
        [MigrationId] nvarchar(150) NOT NULL,
        [ProductVersion] nvarchar(32) NOT NULL,
        CONSTRAINT [PK___EFMigrationsHistory] PRIMARY KEY ([MigrationId])
    );
END;

[21:54:54] [INFORMATION] [Microsoft.EntityFrameworkCore.Database.Command] Executed DbCommand (1ms) [Parameters=[], CommandType='"Text"', CommandTimeout='30']
SELECT 1

[21:54:54] [INFORMATION] [Microsoft.EntityFrameworkCore.Database.Command] Executed DbCommand (1ms) [Parameters=[], CommandType='"Text"', CommandTimeout='30']
SELECT OBJECT_ID(N'[__EFMigrationsHistory]');

[21:54:54] [INFORMATION] [Microsoft.EntityFrameworkCore.Database.Command] Executed DbCommand (2ms) [Parameters=[], CommandType='"Text"', CommandTimeout='30']
SELECT [MigrationId], [ProductVersion]
FROM [__EFMigrationsHistory]
ORDER BY [MigrationId];

[21:54:54] [INFORMATION] [Microsoft.EntityFrameworkCore.Migrations] No migrations were applied. The database is already up to date.

[21:54:54] [INFORMATION] [Microsoft.EntityFrameworkCore.Database.Command] Executed DbCommand (4ms) [Parameters=[], CommandType='"Text"', CommandTimeout='30']
DECLARE @result int;
EXEC @result = sp_releaseapplock @Resource = '__EFMigrationsLock', @LockOwner = 'Session';
SELECT @result

[21:56:37] [INFORMATION] [Microsoft.EntityFrameworkCore.Migrations] No migrations were found in assembly 'iiwi.Database'. A migration needs to be added before the database can be updated.

[21:56:37] [INFORMATION] [Microsoft.EntityFrameworkCore.Database.Command] Executed DbCommand (17ms) [Parameters=[], CommandType='"Text"', CommandTimeout='30']
SELECT 1

[21:56:37] [INFORMATION] [Microsoft.EntityFrameworkCore.Migrations] Acquiring an exclusive lock for migration application. See https://aka.ms/efcore-docs-migrations-lock for more information if this takes too long.

[21:56:37] [INFORMATION] [Microsoft.EntityFrameworkCore.Database.Command] Executed DbCommand (28ms) [Parameters=[], CommandType='"Text"', CommandTimeout='30']
DECLARE @result int;
EXEC @result = sp_getapplock @Resource = '__EFMigrationsLock', @LockOwner = 'Session', @LockMode = 'Exclusive';
SELECT @result

[21:56:38] [INFORMATION] [Microsoft.EntityFrameworkCore.Database.Command] Executed DbCommand (13ms) [Parameters=[], CommandType='"Text"', CommandTimeout='30']
IF OBJECT_ID(N'[__EFMigrationsHistory]') IS NULL
BEGIN
    CREATE TABLE [__EFMigrationsHistory] (
        [MigrationId] nvarchar(150) NOT NULL,
        [ProductVersion] nvarchar(32) NOT NULL,
        CONSTRAINT [PK___EFMigrationsHistory] PRIMARY KEY ([MigrationId])
    );
END;

[21:56:38] [INFORMATION] [Microsoft.EntityFrameworkCore.Database.Command] Executed DbCommand (0ms) [Parameters=[], CommandType='"Text"', CommandTimeout='30']
SELECT 1

[21:56:38] [INFORMATION] [Microsoft.EntityFrameworkCore.Database.Command] Executed DbCommand (1ms) [Parameters=[], CommandType='"Text"', CommandTimeout='30']
SELECT OBJECT_ID(N'[__EFMigrationsHistory]');

[21:56:38] [INFORMATION] [Microsoft.EntityFrameworkCore.Database.Command] Executed DbCommand (3ms) [Parameters=[], CommandType='"Text"', CommandTimeout='30']
SELECT [MigrationId], [ProductVersion]
FROM [__EFMigrationsHistory]
ORDER BY [MigrationId];

[21:56:38] [INFORMATION] [Microsoft.EntityFrameworkCore.Migrations] No migrations were applied. The database is already up to date.

[21:56:38] [INFORMATION] [Microsoft.EntityFrameworkCore.Database.Command] Executed DbCommand (5ms) [Parameters=[], CommandType='"Text"', CommandTimeout='30']
DECLARE @result int;
EXEC @result = sp_releaseapplock @Resource = '__EFMigrationsLock', @LockOwner = 'Session';
SELECT @result

[21:58:46] [INFORMATION] [Microsoft.EntityFrameworkCore.Migrations] No migrations were found in assembly 'iiwi.Database'. A migration needs to be added before the database can be updated.

[21:58:47] [INFORMATION] [Microsoft.EntityFrameworkCore.Database.Command] Executed DbCommand (14ms) [Parameters=[], CommandType='"Text"', CommandTimeout='30']
SELECT 1

[21:58:47] [INFORMATION] [Microsoft.EntityFrameworkCore.Migrations] Acquiring an exclusive lock for migration application. See https://aka.ms/efcore-docs-migrations-lock for more information if this takes too long.

[21:58:47] [INFORMATION] [Microsoft.EntityFrameworkCore.Database.Command] Executed DbCommand (25ms) [Parameters=[], CommandType='"Text"', CommandTimeout='30']
DECLARE @result int;
EXEC @result = sp_getapplock @Resource = '__EFMigrationsLock', @LockOwner = 'Session', @LockMode = 'Exclusive';
SELECT @result

[21:58:47] [INFORMATION] [Microsoft.EntityFrameworkCore.Database.Command] Executed DbCommand (4ms) [Parameters=[], CommandType='"Text"', CommandTimeout='30']
IF OBJECT_ID(N'[__EFMigrationsHistory]') IS NULL
BEGIN
    CREATE TABLE [__EFMigrationsHistory] (
        [MigrationId] nvarchar(150) NOT NULL,
        [ProductVersion] nvarchar(32) NOT NULL,
        CONSTRAINT [PK___EFMigrationsHistory] PRIMARY KEY ([MigrationId])
    );
END;

[21:58:47] [INFORMATION] [Microsoft.EntityFrameworkCore.Database.Command] Executed DbCommand (1ms) [Parameters=[], CommandType='"Text"', CommandTimeout='30']
SELECT 1

[21:58:47] [INFORMATION] [Microsoft.EntityFrameworkCore.Database.Command] Executed DbCommand (1ms) [Parameters=[], CommandType='"Text"', CommandTimeout='30']
SELECT OBJECT_ID(N'[__EFMigrationsHistory]');

[21:58:47] [INFORMATION] [Microsoft.EntityFrameworkCore.Database.Command] Executed DbCommand (3ms) [Parameters=[], CommandType='"Text"', CommandTimeout='30']
SELECT [MigrationId], [ProductVersion]
FROM [__EFMigrationsHistory]
ORDER BY [MigrationId];

[21:58:47] [INFORMATION] [Microsoft.EntityFrameworkCore.Migrations] No migrations were applied. The database is already up to date.

[21:58:47] [INFORMATION] [Microsoft.EntityFrameworkCore.Database.Command] Executed DbCommand (6ms) [Parameters=[], CommandType='"Text"', CommandTimeout='30']
DECLARE @result int;
EXEC @result = sp_releaseapplock @Resource = '__EFMigrationsLock', @LockOwner = 'Session';
SELECT @result

[21:58:48] [INFORMATION] [Microsoft.AspNetCore.DataProtection.KeyManagement.XmlKeyManager] User profile is available. Using 'C:\Users\Sajid Khan\AppData\Local\ASP.NET\DataProtection-Keys' as key repository and Windows DPAPI to encrypt keys at rest.

[21:58:48] [INFORMATION] [Microsoft.Hosting.Lifetime] Now listening on: https://localhost:7122

[21:58:48] [INFORMATION] [Microsoft.Hosting.Lifetime] Now listening on: http://localhost:5093

[21:58:48] [INFORMATION] [Microsoft.Hosting.Lifetime] Application started. Press Ctrl+C to shut down.

[21:58:48] [INFORMATION] [Microsoft.Hosting.Lifetime] Hosting environment: Development

[21:58:48] [INFORMATION] [Microsoft.Hosting.Lifetime] Content root path: C:\Users\Sajid Khan\source\repos\itsarisid\iiwi\iiwi.AppWire

[21:59:28] [INFORMATION] [Microsoft.EntityFrameworkCore.Migrations] No migrations were found in assembly 'iiwi.Database'. A migration needs to be added before the database can be updated.

[21:59:30] [INFORMATION] [Microsoft.EntityFrameworkCore.Database.Command] Executed DbCommand (141ms) [Parameters=[], CommandType='"Text"', CommandTimeout='30']
SELECT 1

[21:59:31] [INFORMATION] [Microsoft.EntityFrameworkCore.Migrations] Acquiring an exclusive lock for migration application. See https://aka.ms/efcore-docs-migrations-lock for more information if this takes too long.

[21:59:31] [INFORMATION] [Microsoft.EntityFrameworkCore.Database.Command] Executed DbCommand (147ms) [Parameters=[], CommandType='"Text"', CommandTimeout='30']
DECLARE @result int;
EXEC @result = sp_getapplock @Resource = '__EFMigrationsLock', @LockOwner = 'Session', @LockMode = 'Exclusive';
SELECT @result

[21:59:32] [INFORMATION] [Microsoft.EntityFrameworkCore.Database.Command] Executed DbCommand (10ms) [Parameters=[], CommandType='"Text"', CommandTimeout='30']
IF OBJECT_ID(N'[__EFMigrationsHistory]') IS NULL
BEGIN
    CREATE TABLE [__EFMigrationsHistory] (
        [MigrationId] nvarchar(150) NOT NULL,
        [ProductVersion] nvarchar(32) NOT NULL,
        CONSTRAINT [PK___EFMigrationsHistory] PRIMARY KEY ([MigrationId])
    );
END;

[21:59:32] [INFORMATION] [Microsoft.EntityFrameworkCore.Database.Command] Executed DbCommand (1ms) [Parameters=[], CommandType='"Text"', CommandTimeout='30']
SELECT 1

[21:59:32] [INFORMATION] [Microsoft.EntityFrameworkCore.Database.Command] Executed DbCommand (1ms) [Parameters=[], CommandType='"Text"', CommandTimeout='30']
SELECT OBJECT_ID(N'[__EFMigrationsHistory]');

[21:59:32] [INFORMATION] [Microsoft.EntityFrameworkCore.Database.Command] Executed DbCommand (8ms) [Parameters=[], CommandType='"Text"', CommandTimeout='30']
SELECT [MigrationId], [ProductVersion]
FROM [__EFMigrationsHistory]
ORDER BY [MigrationId];

[21:59:32] [INFORMATION] [Microsoft.EntityFrameworkCore.Migrations] No migrations were applied. The database is already up to date.

[21:59:32] [INFORMATION] [Microsoft.EntityFrameworkCore.Database.Command] Executed DbCommand (15ms) [Parameters=[], CommandType='"Text"', CommandTimeout='30']
DECLARE @result int;
EXEC @result = sp_releaseapplock @Resource = '__EFMigrationsLock', @LockOwner = 'Session';
SELECT @result

[21:59:34] [INFORMATION] [Microsoft.AspNetCore.DataProtection.KeyManagement.XmlKeyManager] User profile is available. Using 'C:\Users\Sajid Khan\AppData\Local\ASP.NET\DataProtection-Keys' as key repository and Windows DPAPI to encrypt keys at rest.

[21:59:36] [INFORMATION] [Microsoft.Hosting.Lifetime] Now listening on: https://localhost:7122

[21:59:36] [INFORMATION] [Microsoft.Hosting.Lifetime] Now listening on: http://localhost:5093

[21:59:36] [INFORMATION] [Microsoft.Hosting.Lifetime] Application started. Press Ctrl+C to shut down.

[21:59:36] [INFORMATION] [Microsoft.Hosting.Lifetime] Hosting environment: Development

[21:59:36] [INFORMATION] [Microsoft.Hosting.Lifetime] Content root path: C:\Users\Sajid Khan\source\repos\itsarisid\iiwi\iiwi.AppWire

[22:00:33] [INFORMATION] [Microsoft.AspNetCore.Hosting.Diagnostics] Request starting HTTP/2 GET https://localhost:7122/swagger/index.html - null null

[22:00:34] [INFORMATION] [Microsoft.AspNetCore.Hosting.Diagnostics] Request finished HTTP/2 GET https://localhost:7122/swagger/index.html - 200 null text/html;charset=utf-8 287.7518ms

[22:00:34] [INFORMATION] [Microsoft.AspNetCore.Hosting.Diagnostics] Request starting HTTP/2 GET https://localhost:7122/swagger/swagger-ui.css - null null

[22:00:34] [INFORMATION] [Microsoft.AspNetCore.Hosting.Diagnostics] Request starting HTTP/2 GET https://localhost:7122/swagger/swagger-ui-bundle.js - null null

[22:00:34] [INFORMATION] [Microsoft.AspNetCore.Hosting.Diagnostics] Request starting HTTP/2 GET https://localhost:7122/swagger/index.css - null null

[22:00:34] [INFORMATION] [Microsoft.AspNetCore.Hosting.Diagnostics] Request starting HTTP/2 GET https://localhost:7122/swagger/swagger-ui-standalone-preset.js - null null

[22:00:34] [INFORMATION] [Microsoft.AspNetCore.Hosting.Diagnostics] Request starting HTTP/2 GET https://localhost:7122/_framework/aspnetcore-browser-refresh.js - null null

[22:00:34] [INFORMATION] [Microsoft.AspNetCore.Hosting.Diagnostics] Request starting HTTP/2 GET https://localhost:7122/swagger/index.js - null null

[22:00:34] [INFORMATION] [Microsoft.AspNetCore.Hosting.Diagnostics] Request starting HTTP/2 GET https://localhost:7122/_vs/browserLink - null null

[22:00:34] [INFORMATION] [Microsoft.AspNetCore.Hosting.Diagnostics] Request finished HTTP/2 GET https://localhost:7122/swagger/index.js - 200 null application/javascript;charset=utf-8 57.2159ms

[22:00:34] [INFORMATION] [Microsoft.AspNetCore.Hosting.Diagnostics] Request finished HTTP/2 GET https://localhost:7122/_framework/aspnetcore-browser-refresh.js - 200 13776 application/javascript; charset=utf-8 117.2678ms

[22:00:34] [INFORMATION] [Microsoft.AspNetCore.StaticFiles.StaticFileMiddleware] Sending file. Request path: '/index.css'. Physical path: 'N/A'

[22:00:34] [INFORMATION] [Microsoft.AspNetCore.Hosting.Diagnostics] Request finished HTTP/2 GET https://localhost:7122/swagger/index.css - 200 202 text/css 127.9925ms

[22:00:34] [INFORMATION] [Microsoft.AspNetCore.StaticFiles.StaticFileMiddleware] Sending file. Request path: '/swagger-ui.css'. Physical path: 'N/A'

[22:00:34] [INFORMATION] [Microsoft.AspNetCore.Hosting.Diagnostics] Request finished HTTP/2 GET https://localhost:7122/swagger/swagger-ui.css - 200 154948 text/css 149.5442ms

[22:00:34] [INFORMATION] [Microsoft.AspNetCore.StaticFiles.StaticFileMiddleware] Sending file. Request path: '/swagger-ui-standalone-preset.js'. Physical path: 'N/A'

[22:00:34] [INFORMATION] [Microsoft.AspNetCore.Hosting.Diagnostics] Request finished HTTP/2 GET https://localhost:7122/swagger/swagger-ui-standalone-preset.js - 200 229223 text/javascript 148.7728ms

[22:00:34] [INFORMATION] [Microsoft.AspNetCore.Hosting.Diagnostics] Request finished HTTP/2 GET https://localhost:7122/_vs/browserLink - 200 null text/javascript; charset=UTF-8 114.3509ms

[22:00:34] [INFORMATION] [Microsoft.AspNetCore.StaticFiles.StaticFileMiddleware] Sending file. Request path: '/swagger-ui-bundle.js'. Physical path: 'N/A'

[22:00:34] [INFORMATION] [Microsoft.AspNetCore.Hosting.Diagnostics] Request finished HTTP/2 GET https://localhost:7122/swagger/swagger-ui-bundle.js - 200 1466324 text/javascript 186.0707ms

[22:00:34] [INFORMATION] [Microsoft.AspNetCore.Hosting.Diagnostics] Request starting HTTP/2 GET https://localhost:7122/swagger/v1/swagger.json - null null

[22:00:34] [INFORMATION] [Microsoft.AspNetCore.Hosting.Diagnostics] Request finished HTTP/2 GET https://localhost:7122/swagger/v1/swagger.json - 200 null application/json;charset=utf-8 36.4892ms

[22:01:21] [INFORMATION] [Microsoft.AspNetCore.Hosting.Diagnostics] Request starting HTTP/2 GET https://localhost:7122/api/v1.0/Test - null null

[22:01:21] [INFORMATION] [Microsoft.AspNetCore.Routing.EndpointMiddleware] Executing endpoint 'iiwi.AppWire.Controllers.TestController.Test (iiwi.AppWire)'

[22:01:21] [INFORMATION] [Microsoft.AspNetCore.Mvc.Infrastructure.ControllerActionInvoker] Route matched with {action = "Test", controller = "Test"}. Executing controller action with signature Microsoft.AspNetCore.Mvc.IActionResult Test() on controller iiwi.AppWire.Controllers.TestController (iiwi.AppWire).

[22:01:21] [INFORMATION] [Microsoft.AspNetCore.Mvc.Infrastructure.ControllerActionInvoker] Executing action method iiwi.AppWire.Controllers.TestController.Test (iiwi.AppWire) - Validation state: "Valid"

[22:01:21] [INFORMATION] [Microsoft.AspNetCore.Mvc.Infrastructure.ControllerActionInvoker] Executed action method iiwi.AppWire.Controllers.TestController.Test (iiwi.AppWire), returned result Microsoft.AspNetCore.Mvc.OkObjectResult in 3.1061ms.

[22:01:21] [INFORMATION] [Microsoft.AspNetCore.Mvc.Infrastructure.ObjectResultExecutor] Executing OkObjectResult, writing value of type '<>f__AnonymousType0`7[[System.String, System.Private.CoreLib, Version=9.0.0.0, Culture=neutral, PublicKeyToken=7cec85d7bea7798e],[System.String, System.Private.CoreLib, Version=9.0.0.0, Culture=neutral, PublicKeyToken=7cec85d7bea7798e],[System.String, System.Private.CoreLib, Version=9.0.0.0, Culture=neutral, PublicKeyToken=7cec85d7bea7798e],[System.String, System.Private.CoreLib, Version=9.0.0.0, Culture=neutral, PublicKeyToken=7cec85d7bea7798e],[System.String, System.Private.CoreLib, Version=9.0.0.0, Culture=neutral, PublicKeyToken=7cec85d7bea7798e],[System.String, System.Private.CoreLib, Version=9.0.0.0, Culture=neutral, PublicKeyToken=7cec85d7bea7798e],[System.String, System.Private.CoreLib, Version=9.0.0.0, Culture=neutral, PublicKeyToken=7cec85d7bea7798e]]'.

[22:01:21] [INFORMATION] [Microsoft.AspNetCore.Mvc.Infrastructure.ControllerActionInvoker] Executed action iiwi.AppWire.Controllers.TestController.Test (iiwi.AppWire) in 81.3516ms

[22:01:21] [INFORMATION] [Microsoft.AspNetCore.Routing.EndpointMiddleware] Executed endpoint 'iiwi.AppWire.Controllers.TestController.Test (iiwi.AppWire)'

[22:01:21] [INFORMATION] [Microsoft.AspNetCore.Hosting.Diagnostics] Request finished HTTP/2 GET https://localhost:7122/api/v1.0/Test - 200 null application/json; charset=utf-8 208.5402ms

[22:02:02] [INFORMATION] [Microsoft.AspNetCore.Hosting.Diagnostics] Request starting HTTP/2 POST https://localhost:7122/api/v1.0/Account/update-profile - application/json 164

[22:02:02] [INFORMATION] [Microsoft.AspNetCore.Cors.Infrastructure.CorsService] CORS policy execution successful.

[22:02:02] [INFORMATION] [Microsoft.AspNetCore.Authorization.DefaultAuthorizationService] Authorization failed. These requirements were not met:
DenyAnonymousAuthorizationRequirement: Requires an authenticated user.

[22:02:02] [INFORMATION] [Microsoft.AspNetCore.Authentication.Cookies.CookieAuthenticationHandler] AuthenticationScheme: Identity.Application was challenged.

[22:02:02] [INFORMATION] [Microsoft.AspNetCore.Hosting.Diagnostics] Request finished HTTP/2 POST https://localhost:7122/api/v1.0/Account/update-profile - 302 0 null 53.0852ms

[22:02:02] [INFORMATION] [Microsoft.AspNetCore.Hosting.Diagnostics] Request starting HTTP/2 GET https://localhost:7122/Account/Login?ReturnUrl=%2Fapi%2Fv1.0%2FAccount%2Fupdate-profile - null null

[22:02:02] [INFORMATION] [Microsoft.AspNetCore.Hosting.Diagnostics] Request finished HTTP/2 GET https://localhost:7122/Account/Login?ReturnUrl=%2Fapi%2Fv1.0%2FAccount%2Fupdate-profile - 404 0 null 2.7028ms

[22:02:02] [INFORMATION] [Microsoft.AspNetCore.Hosting.Diagnostics] Request reached the end of the middleware pipeline without being handled by application code. Request path: GET https://localhost:7122/Account/Login, Response status code: 404

[22:02:22] [INFORMATION] [Microsoft.AspNetCore.Hosting.Diagnostics] Request starting HTTP/2 POST https://localhost:7122/api/v1.0/Account/update-profile - application/json 164

[22:02:22] [INFORMATION] [Microsoft.AspNetCore.Cors.Infrastructure.CorsService] CORS policy execution successful.

[22:02:22] [INFORMATION] [Microsoft.AspNetCore.Authorization.DefaultAuthorizationService] Authorization failed. These requirements were not met:
DenyAnonymousAuthorizationRequirement: Requires an authenticated user.

[22:02:22] [INFORMATION] [Microsoft.AspNetCore.Authentication.Cookies.CookieAuthenticationHandler] AuthenticationScheme: Identity.Application was challenged.

[22:02:22] [INFORMATION] [Microsoft.AspNetCore.Hosting.Diagnostics] Request finished HTTP/2 POST https://localhost:7122/api/v1.0/Account/update-profile - 302 0 null 15.1733ms

[22:02:22] [INFORMATION] [Microsoft.AspNetCore.Hosting.Diagnostics] Request starting HTTP/2 GET https://localhost:7122/Account/Login?ReturnUrl=%2Fapi%2Fv1.0%2FAccount%2Fupdate-profile - null null

[22:02:22] [INFORMATION] [Microsoft.AspNetCore.Hosting.Diagnostics] Request finished HTTP/2 GET https://localhost:7122/Account/Login?ReturnUrl=%2Fapi%2Fv1.0%2FAccount%2Fupdate-profile - 404 0 null 0.8177ms

[22:02:22] [INFORMATION] [Microsoft.AspNetCore.Hosting.Diagnostics] Request reached the end of the middleware pipeline without being handled by application code. Request path: GET https://localhost:7122/Account/Login, Response status code: 404

[22:03:20] [INFORMATION] [Microsoft.AspNetCore.Hosting.Diagnostics] Request starting HTTP/2 POST https://localhost:7122/api/v1.0/Account/update-profile - application/json 164

[22:03:20] [INFORMATION] [Microsoft.AspNetCore.Cors.Infrastructure.CorsService] CORS policy execution successful.

[22:03:20] [INFORMATION] [Microsoft.AspNetCore.Authorization.DefaultAuthorizationService] Authorization failed. These requirements were not met:
DenyAnonymousAuthorizationRequirement: Requires an authenticated user.

[22:03:20] [INFORMATION] [Microsoft.AspNetCore.Authentication.Cookies.CookieAuthenticationHandler] AuthenticationScheme: Identity.Application was challenged.

[22:03:20] [INFORMATION] [Microsoft.AspNetCore.Hosting.Diagnostics] Request finished HTTP/2 POST https://localhost:7122/api/v1.0/Account/update-profile - 302 0 null 46.79ms

[22:03:20] [INFORMATION] [Microsoft.AspNetCore.Hosting.Diagnostics] Request starting HTTP/2 GET https://localhost:7122/Account/Login?ReturnUrl=%2Fapi%2Fv1.0%2FAccount%2Fupdate-profile - null null

[22:03:20] [INFORMATION] [Microsoft.AspNetCore.Hosting.Diagnostics] Request finished HTTP/2 GET https://localhost:7122/Account/Login?ReturnUrl=%2Fapi%2Fv1.0%2FAccount%2Fupdate-profile - 404 0 null 0.6322ms

[22:03:20] [INFORMATION] [Microsoft.AspNetCore.Hosting.Diagnostics] Request reached the end of the middleware pipeline without being handled by application code. Request path: GET https://localhost:7122/Account/Login, Response status code: 404

[22:04:29] [INFORMATION] [Microsoft.AspNetCore.Hosting.Diagnostics] Request starting HTTP/2 POST https://localhost:7122/api/v1.0/Auth/login - application/json 91

[22:04:29] [INFORMATION] [Microsoft.AspNetCore.Cors.Infrastructure.CorsService] CORS policy execution successful.

[22:04:29] [INFORMATION] [Microsoft.AspNetCore.Routing.EndpointMiddleware] Executing endpoint 'iiwi.AppWire.Controllers.AuthController.Login (iiwi.AppWire)'

[22:04:29] [INFORMATION] [Microsoft.AspNetCore.Mvc.Infrastructure.ControllerActionInvoker] Route matched with {action = "Login", controller = "Auth"}. Executing controller action with signature Microsoft.AspNetCore.Mvc.IActionResult Login(iiwi.Application.Authentication.LoginRequest) on controller iiwi.AppWire.Controllers.AuthController (iiwi.AppWire).

[22:04:29] [INFORMATION] [Microsoft.AspNetCore.Mvc.Infrastructure.ControllerActionInvoker] Executing action method iiwi.AppWire.Controllers.AuthController.Login (iiwi.AppWire) - Validation state: "Valid"

[22:04:29] [INFORMATION] [Microsoft.EntityFrameworkCore.Database.Command] Executed DbCommand (50ms) [Parameters=[@__normalizedUserName_0='?' (Size = 256)], CommandType='"Text"', CommandTimeout='30']
SELECT TOP(1) [u].[Id], [u].[AccessFailedCount], [u].[Address], [u].[ConcurrencyStamp], [u].[DOB], [u].[DisplayName], [u].[Email], [u].[EmailConfirmed], [u].[FirstName], [u].[Gender], [u].[LastLogin], [u].[LastName], [u].[LockoutEnabled], [u].[LockoutEnd], [u].[NormalizedEmail], [u].[NormalizedUserName], [u].[PasswordHash], [u].[PhoneNumber], [u].[PhoneNumberConfirmed], [u].[SecurityStamp], [u].[TwoFactorEnabled], [u].[UserName]
FROM [Identity].[User] AS [u]
WHERE [u].[NormalizedUserName] = @__normalizedUserName_0

[22:04:29] [INFORMATION] [Microsoft.EntityFrameworkCore.Database.Command] Executed DbCommand (4ms) [Parameters=[@__user_Id_0='?' (DbType = Int32)], CommandType='"Text"', CommandTimeout='30']
SELECT [c].[Id], [c].[ClaimType], [c].[ClaimValue], [c].[UserId]
FROM [Identity].[Claims] AS [c]
WHERE [c].[UserId] = @__user_Id_0

[22:04:30] [INFORMATION] [Microsoft.EntityFrameworkCore.Database.Command] Executed DbCommand (4ms) [Parameters=[@__userId_0='?' (DbType = Int32)], CommandType='"Text"', CommandTimeout='30']
SELECT [r0].[Name]
FROM [Identity].[Roles] AS [r]
INNER JOIN [Identity].[Role] AS [r0] ON [r].[RoleId] = [r0].[Id]
WHERE [r].[UserId] = @__userId_0

[22:04:30] [INFORMATION] [Microsoft.AspNetCore.Authentication.Cookies.CookieAuthenticationHandler] AuthenticationScheme: Identity.Application signed in.

[22:04:30] [INFORMATION] [iiwi.Domain.Identity.ApplicationUser] User logged in.

[22:04:30] [INFORMATION] [Microsoft.AspNetCore.Mvc.Infrastructure.ControllerActionInvoker] Executed action method iiwi.AppWire.Controllers.AuthController.Login (iiwi.AppWire), returned result Microsoft.AspNetCore.Mvc.ObjectResult in 978.3897ms.

[22:04:30] [INFORMATION] [Microsoft.AspNetCore.Mvc.Infrastructure.ObjectResultExecutor] Executing ObjectResult, writing value of type 'iiwi.Application.Authentication.LoginResponse'.

[22:04:30] [INFORMATION] [Microsoft.AspNetCore.Mvc.Infrastructure.ControllerActionInvoker] Executed action iiwi.AppWire.Controllers.AuthController.Login (iiwi.AppWire) in 1028.332ms

[22:04:30] [INFORMATION] [Microsoft.AspNetCore.Routing.EndpointMiddleware] Executed endpoint 'iiwi.AppWire.Controllers.AuthController.Login (iiwi.AppWire)'

[22:04:30] [INFORMATION] [Microsoft.AspNetCore.Hosting.Diagnostics] Request finished HTTP/2 POST https://localhost:7122/api/v1.0/Auth/login - 200 null application/json; charset=utf-8 1045.0691ms

[22:04:40] [INFORMATION] [Microsoft.AspNetCore.Hosting.Diagnostics] Request starting HTTP/2 POST https://localhost:7122/api/v1.0/Account/update-profile - application/json 164

[22:04:40] [INFORMATION] [Microsoft.AspNetCore.Cors.Infrastructure.CorsService] CORS policy execution successful.

[22:04:40] [INFORMATION] [Microsoft.AspNetCore.Routing.EndpointMiddleware] Executing endpoint 'iiwi.AppWire.Controllers.AccountController.UpdateProfile (iiwi.AppWire)'

[22:04:40] [INFORMATION] [Microsoft.AspNetCore.Mvc.Infrastructure.ControllerActionInvoker] Route matched with {action = "UpdateProfile", controller = "Account"}. Executing controller action with signature Microsoft.AspNetCore.Mvc.IActionResult UpdateProfile(iiwi.Application.Account.UpdateProfileRequest) on controller iiwi.AppWire.Controllers.AccountController (iiwi.AppWire).

[22:04:40] [INFORMATION] [Microsoft.AspNetCore.Mvc.Infrastructure.ControllerActionInvoker] Executing action method iiwi.AppWire.Controllers.AccountController.UpdateProfile (iiwi.AppWire) - Validation state: "Valid"

[22:04:47] [INFORMATION] [Microsoft.EntityFrameworkCore.Database.Command] Executed DbCommand (5ms) [Parameters=[@__p_0='?' (DbType = Int32)], CommandType='"Text"', CommandTimeout='30']
SELECT TOP(1) [u].[Id], [u].[AccessFailedCount], [u].[Address], [u].[ConcurrencyStamp], [u].[DOB], [u].[DisplayName], [u].[Email], [u].[EmailConfirmed], [u].[FirstName], [u].[Gender], [u].[LastLogin], [u].[LastName], [u].[LockoutEnabled], [u].[LockoutEnd], [u].[NormalizedEmail], [u].[NormalizedUserName], [u].[PasswordHash], [u].[PhoneNumber], [u].[PhoneNumberConfirmed], [u].[SecurityStamp], [u].[TwoFactorEnabled], [u].[UserName]
FROM [Identity].[User] AS [u]
WHERE [u].[Id] = @__p_0

[22:04:47] [INFORMATION] [Microsoft.EntityFrameworkCore.Database.Command] Executed DbCommand (1ms) [Parameters=[@__normalizedUserName_0='?' (Size = 256)], CommandType='"Text"', CommandTimeout='30']
SELECT TOP(1) [u].[Id], [u].[AccessFailedCount], [u].[Address], [u].[ConcurrencyStamp], [u].[DOB], [u].[DisplayName], [u].[Email], [u].[EmailConfirmed], [u].[FirstName], [u].[Gender], [u].[LastLogin], [u].[LastName], [u].[LockoutEnabled], [u].[LockoutEnd], [u].[NormalizedEmail], [u].[NormalizedUserName], [u].[PasswordHash], [u].[PhoneNumber], [u].[PhoneNumberConfirmed], [u].[SecurityStamp], [u].[TwoFactorEnabled], [u].[UserName]
FROM [Identity].[User] AS [u]
WHERE [u].[NormalizedUserName] = @__normalizedUserName_0

[22:04:47] [INFORMATION] [Microsoft.EntityFrameworkCore.Database.Command] Executed DbCommand (38ms) [Parameters=[@p21='?' (DbType = Int32), @p0='?' (DbType = Int32), @p1='?' (Size = 4000), @p2='?' (Size = 4000), @p22='?' (Size = 4000), @p3='?' (DbType = DateTime2), @p4='?' (Size = 4000), @p5='?' (Size = 256), @p6='?' (DbType = Boolean), @p7='?' (Size = 4000), @p8='?' (Size = 4000), @p9='?' (DbType = DateTime2), @p10='?' (Size = 4000), @p11='?' (DbType = Boolean), @p12='?' (DbType = DateTimeOffset), @p13='?' (Size = 256), @p14='?' (Size = 256), @p15='?' (Size = 4000), @p16='?' (Size = 4000), @p17='?' (DbType = Boolean), @p18='?' (Size = 4000), @p19='?' (DbType = Boolean), @p20='?' (Size = 256)], CommandType='"Text"', CommandTimeout='30']
SET IMPLICIT_TRANSACTIONS OFF;
SET NOCOUNT ON;
UPDATE [Identity].[User] SET [AccessFailedCount] = @p0, [Address] = @p1, [ConcurrencyStamp] = @p2, [DOB] = @p3, [DisplayName] = @p4, [Email] = @p5, [EmailConfirmed] = @p6, [FirstName] = @p7, [Gender] = @p8, [LastLogin] = @p9, [LastName] = @p10, [LockoutEnabled] = @p11, [LockoutEnd] = @p12, [NormalizedEmail] = @p13, [NormalizedUserName] = @p14, [PasswordHash] = @p15, [PhoneNumber] = @p16, [PhoneNumberConfirmed] = @p17, [SecurityStamp] = @p18, [TwoFactorEnabled] = @p19, [UserName] = @p20
OUTPUT 1
WHERE [Id] = @p21 AND [ConcurrencyStamp] = @p22;

[22:04:47] [INFORMATION] [iiwi.Application.Account.UpdateProfileHandler] User updated their profile successfully.

[22:04:47] [INFORMATION] [Microsoft.AspNetCore.Mvc.Infrastructure.ControllerActionInvoker] Executed action method iiwi.AppWire.Controllers.AccountController.UpdateProfile (iiwi.AppWire), returned result Microsoft.AspNetCore.Mvc.ObjectResult in 7188.697ms.

[22:04:47] [INFORMATION] [Microsoft.AspNetCore.Mvc.Infrastructure.ObjectResultExecutor] Executing ObjectResult, writing value of type 'iiwi.Application.Response'.

[22:04:47] [INFORMATION] [Microsoft.AspNetCore.Mvc.Infrastructure.ControllerActionInvoker] Executed action iiwi.AppWire.Controllers.AccountController.UpdateProfile (iiwi.AppWire) in 7211.8886ms

[22:04:47] [INFORMATION] [Microsoft.AspNetCore.Routing.EndpointMiddleware] Executed endpoint 'iiwi.AppWire.Controllers.AccountController.UpdateProfile (iiwi.AppWire)'

[22:04:47] [INFORMATION] [Microsoft.AspNetCore.Hosting.Diagnostics] Request finished HTTP/2 POST https://localhost:7122/api/v1.0/Account/update-profile - 200 null application/json; charset=utf-8 7244.7208ms

[22:05:23] [INFORMATION] [Microsoft.AspNetCore.Hosting.Diagnostics] Request starting HTTP/2 POST https://localhost:7122/api/v1.0/Account/update-profile - application/json 164

[22:05:23] [INFORMATION] [Microsoft.AspNetCore.Cors.Infrastructure.CorsService] CORS policy execution successful.

[22:05:23] [INFORMATION] [Microsoft.AspNetCore.Routing.EndpointMiddleware] Executing endpoint 'iiwi.AppWire.Controllers.AccountController.UpdateProfile (iiwi.AppWire)'

[22:05:23] [INFORMATION] [Microsoft.AspNetCore.Mvc.Infrastructure.ControllerActionInvoker] Route matched with {action = "UpdateProfile", controller = "Account"}. Executing controller action with signature Microsoft.AspNetCore.Mvc.IActionResult UpdateProfile(iiwi.Application.Account.UpdateProfileRequest) on controller iiwi.AppWire.Controllers.AccountController (iiwi.AppWire).

[22:05:23] [INFORMATION] [Microsoft.AspNetCore.Mvc.Infrastructure.ControllerActionInvoker] Executing action method iiwi.AppWire.Controllers.AccountController.UpdateProfile (iiwi.AppWire) - Validation state: "Valid"

[22:05:25] [INFORMATION] [Microsoft.EntityFrameworkCore.Database.Command] Executed DbCommand (4ms) [Parameters=[@__p_0='?' (DbType = Int32)], CommandType='"Text"', CommandTimeout='30']
SELECT TOP(1) [u].[Id], [u].[AccessFailedCount], [u].[Address], [u].[ConcurrencyStamp], [u].[DOB], [u].[DisplayName], [u].[Email], [u].[EmailConfirmed], [u].[FirstName], [u].[Gender], [u].[LastLogin], [u].[LastName], [u].[LockoutEnabled], [u].[LockoutEnd], [u].[NormalizedEmail], [u].[NormalizedUserName], [u].[PasswordHash], [u].[PhoneNumber], [u].[PhoneNumberConfirmed], [u].[SecurityStamp], [u].[TwoFactorEnabled], [u].[UserName]
FROM [Identity].[User] AS [u]
WHERE [u].[Id] = @__p_0

[22:05:25] [INFORMATION] [Microsoft.EntityFrameworkCore.Database.Command] Executed DbCommand (3ms) [Parameters=[@__normalizedUserName_0='?' (Size = 256)], CommandType='"Text"', CommandTimeout='30']
SELECT TOP(1) [u].[Id], [u].[AccessFailedCount], [u].[Address], [u].[ConcurrencyStamp], [u].[DOB], [u].[DisplayName], [u].[Email], [u].[EmailConfirmed], [u].[FirstName], [u].[Gender], [u].[LastLogin], [u].[LastName], [u].[LockoutEnabled], [u].[LockoutEnd], [u].[NormalizedEmail], [u].[NormalizedUserName], [u].[PasswordHash], [u].[PhoneNumber], [u].[PhoneNumberConfirmed], [u].[SecurityStamp], [u].[TwoFactorEnabled], [u].[UserName]
FROM [Identity].[User] AS [u]
WHERE [u].[NormalizedUserName] = @__normalizedUserName_0

[22:05:25] [INFORMATION] [Microsoft.EntityFrameworkCore.Database.Command] Executed DbCommand (6ms) [Parameters=[@p21='?' (DbType = Int32), @p0='?' (DbType = Int32), @p1='?' (Size = 4000), @p2='?' (Size = 4000), @p22='?' (Size = 4000), @p3='?' (DbType = DateTime2), @p4='?' (Size = 4000), @p5='?' (Size = 256), @p6='?' (DbType = Boolean), @p7='?' (Size = 4000), @p8='?' (Size = 4000), @p9='?' (DbType = DateTime2), @p10='?' (Size = 4000), @p11='?' (DbType = Boolean), @p12='?' (DbType = DateTimeOffset), @p13='?' (Size = 256), @p14='?' (Size = 256), @p15='?' (Size = 4000), @p16='?' (Size = 4000), @p17='?' (DbType = Boolean), @p18='?' (Size = 4000), @p19='?' (DbType = Boolean), @p20='?' (Size = 256)], CommandType='"Text"', CommandTimeout='30']
SET IMPLICIT_TRANSACTIONS OFF;
SET NOCOUNT ON;
UPDATE [Identity].[User] SET [AccessFailedCount] = @p0, [Address] = @p1, [ConcurrencyStamp] = @p2, [DOB] = @p3, [DisplayName] = @p4, [Email] = @p5, [EmailConfirmed] = @p6, [FirstName] = @p7, [Gender] = @p8, [LastLogin] = @p9, [LastName] = @p10, [LockoutEnabled] = @p11, [LockoutEnd] = @p12, [NormalizedEmail] = @p13, [NormalizedUserName] = @p14, [PasswordHash] = @p15, [PhoneNumber] = @p16, [PhoneNumberConfirmed] = @p17, [SecurityStamp] = @p18, [TwoFactorEnabled] = @p19, [UserName] = @p20
OUTPUT 1
WHERE [Id] = @p21 AND [ConcurrencyStamp] = @p22;

[22:05:25] [INFORMATION] [iiwi.Application.Account.UpdateProfileHandler] User updated their profile successfully.

[22:05:25] [INFORMATION] [Microsoft.AspNetCore.Mvc.Infrastructure.ControllerActionInvoker] Executed action method iiwi.AppWire.Controllers.AccountController.UpdateProfile (iiwi.AppWire), returned result Microsoft.AspNetCore.Mvc.ObjectResult in 1904.3331ms.

[22:05:25] [INFORMATION] [Microsoft.AspNetCore.Mvc.Infrastructure.ObjectResultExecutor] Executing ObjectResult, writing value of type 'iiwi.Application.Response'.

[22:05:25] [INFORMATION] [Microsoft.AspNetCore.Mvc.Infrastructure.ControllerActionInvoker] Executed action iiwi.AppWire.Controllers.AccountController.UpdateProfile (iiwi.AppWire) in 1917.2206ms

[22:05:25] [INFORMATION] [Microsoft.AspNetCore.Routing.EndpointMiddleware] Executed endpoint 'iiwi.AppWire.Controllers.AccountController.UpdateProfile (iiwi.AppWire)'

[22:05:25] [INFORMATION] [Microsoft.AspNetCore.Hosting.Diagnostics] Request finished HTTP/2 POST https://localhost:7122/api/v1.0/Account/update-profile - 200 null application/json; charset=utf-8 1953.6602ms

[22:05:38] [INFORMATION] [Microsoft.AspNetCore.Hosting.Diagnostics] Request starting HTTP/2 POST https://localhost:7122/api/v1.0/Auth/logout - null 0

[22:05:38] [INFORMATION] [Microsoft.AspNetCore.Cors.Infrastructure.CorsService] CORS policy execution successful.

[22:05:38] [INFORMATION] [Microsoft.AspNetCore.Routing.EndpointMiddleware] Executing endpoint 'iiwi.AppWire.Controllers.AuthController.Logout (iiwi.AppWire)'

[22:05:38] [INFORMATION] [Microsoft.AspNetCore.Mvc.Infrastructure.ControllerActionInvoker] Route matched with {action = "Logout", controller = "Auth"}. Executing controller action with signature Microsoft.AspNetCore.Mvc.IActionResult Logout() on controller iiwi.AppWire.Controllers.AuthController (iiwi.AppWire).

[22:05:38] [INFORMATION] [Microsoft.AspNetCore.Mvc.Infrastructure.ControllerActionInvoker] Executing action method iiwi.AppWire.Controllers.AuthController.Logout (iiwi.AppWire) - Validation state: "Valid"

[22:05:38] [INFORMATION] [Microsoft.AspNetCore.Authentication.Cookies.CookieAuthenticationHandler] AuthenticationScheme: Identity.Application signed out.

[22:05:38] [INFORMATION] [Microsoft.AspNetCore.Authentication.Cookies.CookieAuthenticationHandler] AuthenticationScheme: Identity.External signed out.

[22:05:38] [INFORMATION] [Microsoft.AspNetCore.Authentication.Cookies.CookieAuthenticationHandler] AuthenticationScheme: Identity.TwoFactorUserId signed out.

[22:05:38] [INFORMATION] [Microsoft.AspNetCore.Mvc.Infrastructure.ControllerActionInvoker] Executed action method iiwi.AppWire.Controllers.AuthController.Logout (iiwi.AppWire), returned result Microsoft.AspNetCore.Mvc.ObjectResult in 7.4974ms.

[22:05:38] [INFORMATION] [Microsoft.AspNetCore.Mvc.Infrastructure.ObjectResultExecutor] Executing ObjectResult, writing value of type 'iiwi.Application.Response'.

[22:05:38] [INFORMATION] [Microsoft.AspNetCore.Mvc.Infrastructure.ControllerActionInvoker] Executed action iiwi.AppWire.Controllers.AuthController.Logout (iiwi.AppWire) in 21.8526ms

[22:05:38] [INFORMATION] [Microsoft.AspNetCore.Routing.EndpointMiddleware] Executed endpoint 'iiwi.AppWire.Controllers.AuthController.Logout (iiwi.AppWire)'

[22:05:38] [INFORMATION] [Microsoft.AspNetCore.Hosting.Diagnostics] Request finished HTTP/2 POST https://localhost:7122/api/v1.0/Auth/logout - 200 null application/json; charset=utf-8 40.4756ms

[22:05:44] [INFORMATION] [Microsoft.AspNetCore.Hosting.Diagnostics] Request starting HTTP/2 POST https://localhost:7122/api/v1.0/Account/update-profile - application/json 164

[22:05:44] [INFORMATION] [Microsoft.AspNetCore.Cors.Infrastructure.CorsService] CORS policy execution successful.

[22:05:44] [INFORMATION] [Microsoft.AspNetCore.Authorization.DefaultAuthorizationService] Authorization failed. These requirements were not met:
DenyAnonymousAuthorizationRequirement: Requires an authenticated user.

[22:05:44] [INFORMATION] [Microsoft.AspNetCore.Authentication.Cookies.CookieAuthenticationHandler] AuthenticationScheme: Identity.Application was challenged.

[22:05:44] [INFORMATION] [Microsoft.AspNetCore.Hosting.Diagnostics] Request finished HTTP/2 POST https://localhost:7122/api/v1.0/Account/update-profile - 302 0 null 1.3931ms

[22:05:44] [INFORMATION] [Microsoft.AspNetCore.Hosting.Diagnostics] Request starting HTTP/2 GET https://localhost:7122/Account/Login?ReturnUrl=%2Fapi%2Fv1.0%2FAccount%2Fupdate-profile - null null

[22:05:44] [INFORMATION] [Microsoft.AspNetCore.ResponseCaching.ResponseCachingMiddleware] No cached response available for this request.

[22:05:44] [INFORMATION] [Microsoft.AspNetCore.ResponseCaching.ResponseCachingMiddleware] The response could not be cached for this request.

[22:05:44] [INFORMATION] [Microsoft.AspNetCore.Hosting.Diagnostics] Request finished HTTP/2 GET https://localhost:7122/Account/Login?ReturnUrl=%2Fapi%2Fv1.0%2FAccount%2Fupdate-profile - 404 0 null 11.7485ms

[22:05:44] [INFORMATION] [Microsoft.AspNetCore.Hosting.Diagnostics] Request reached the end of the middleware pipeline without being handled by application code. Request path: GET https://localhost:7122/Account/Login, Response status code: 404

[22:06:34] [INFORMATION] [Microsoft.EntityFrameworkCore.Migrations] No migrations were found in assembly 'iiwi.Database'. A migration needs to be added before the database can be updated.

[22:06:35] [INFORMATION] [Microsoft.EntityFrameworkCore.Database.Command] Executed DbCommand (15ms) [Parameters=[], CommandType='"Text"', CommandTimeout='30']
SELECT 1

[22:06:35] [INFORMATION] [Microsoft.EntityFrameworkCore.Migrations] Acquiring an exclusive lock for migration application. See https://aka.ms/efcore-docs-migrations-lock for more information if this takes too long.

[22:06:35] [INFORMATION] [Microsoft.EntityFrameworkCore.Database.Command] Executed DbCommand (11ms) [Parameters=[], CommandType='"Text"', CommandTimeout='30']
DECLARE @result int;
EXEC @result = sp_getapplock @Resource = '__EFMigrationsLock', @LockOwner = 'Session', @LockMode = 'Exclusive';
SELECT @result

[22:06:35] [INFORMATION] [Microsoft.EntityFrameworkCore.Database.Command] Executed DbCommand (2ms) [Parameters=[], CommandType='"Text"', CommandTimeout='30']
IF OBJECT_ID(N'[__EFMigrationsHistory]') IS NULL
BEGIN
    CREATE TABLE [__EFMigrationsHistory] (
        [MigrationId] nvarchar(150) NOT NULL,
        [ProductVersion] nvarchar(32) NOT NULL,
        CONSTRAINT [PK___EFMigrationsHistory] PRIMARY KEY ([MigrationId])
    );
END;

[22:06:35] [INFORMATION] [Microsoft.EntityFrameworkCore.Database.Command] Executed DbCommand (1ms) [Parameters=[], CommandType='"Text"', CommandTimeout='30']
SELECT 1

[22:06:35] [INFORMATION] [Microsoft.EntityFrameworkCore.Database.Command] Executed DbCommand (1ms) [Parameters=[], CommandType='"Text"', CommandTimeout='30']
SELECT OBJECT_ID(N'[__EFMigrationsHistory]');

[22:06:35] [INFORMATION] [Microsoft.EntityFrameworkCore.Database.Command] Executed DbCommand (2ms) [Parameters=[], CommandType='"Text"', CommandTimeout='30']
SELECT [MigrationId], [ProductVersion]
FROM [__EFMigrationsHistory]
ORDER BY [MigrationId];

[22:06:35] [INFORMATION] [Microsoft.EntityFrameworkCore.Migrations] No migrations were applied. The database is already up to date.

[22:06:35] [INFORMATION] [Microsoft.EntityFrameworkCore.Database.Command] Executed DbCommand (2ms) [Parameters=[], CommandType='"Text"', CommandTimeout='30']
DECLARE @result int;
EXEC @result = sp_releaseapplock @Resource = '__EFMigrationsLock', @LockOwner = 'Session';
SELECT @result

[22:06:35] [INFORMATION] [Microsoft.AspNetCore.DataProtection.KeyManagement.XmlKeyManager] User profile is available. Using 'C:\Users\Sajid Khan\AppData\Local\ASP.NET\DataProtection-Keys' as key repository and Windows DPAPI to encrypt keys at rest.

[22:06:35] [FATAL] [Microsoft.AspNetCore.Hosting.Diagnostics] Application startup exception
System.InvalidOperationException: Scheme already exists: Identity.Application
   at Microsoft.AspNetCore.Authentication.AuthenticationOptions.AddScheme(String name, Action`1 configureBuilder)
   at Microsoft.Extensions.Options.ConfigureNamedOptions`1.Configure(String name, TOptions options)
   at Microsoft.Extensions.Options.OptionsFactory`1.Create(String name)
   at Microsoft.Extensions.Options.UnnamedOptionsManager`1.get_Value()
   at Microsoft.AspNetCore.Authentication.AuthenticationSchemeProvider..ctor(IOptions`1 options, IDictionary`2 schemes)
   at InvokeStub_AuthenticationSchemeProvider..ctor(Object, Span`1)
   at System.Reflection.MethodBaseInvoker.InvokeWithOneArg(Object obj, BindingFlags invokeAttr, Binder binder, Object[] parameters, CultureInfo culture)
   at System.Reflection.RuntimeConstructorInfo.Invoke(BindingFlags invokeAttr, Binder binder, Object[] parameters, CultureInfo culture)
   at Microsoft.Extensions.DependencyInjection.ServiceLookup.CallSiteRuntimeResolver.VisitConstructor(ConstructorCallSite constructorCallSite, RuntimeResolverContext context)
   at Microsoft.Extensions.DependencyInjection.ServiceLookup.CallSiteVisitor`2.VisitCallSiteMain(ServiceCallSite callSite, TArgument argument)
   at Microsoft.Extensions.DependencyInjection.ServiceLookup.CallSiteRuntimeResolver.VisitRootCache(ServiceCallSite callSite, RuntimeResolverContext context)
   at Microsoft.Extensions.DependencyInjection.ServiceLookup.CallSiteVisitor`2.VisitCallSite(ServiceCallSite callSite, TArgument argument)
   at Microsoft.Extensions.DependencyInjection.ServiceLookup.CallSiteRuntimeResolver.Resolve(ServiceCallSite callSite, ServiceProviderEngineScope scope)
   at Microsoft.Extensions.DependencyInjection.ServiceProvider.CreateServiceAccessor(ServiceIdentifier serviceIdentifier)
   at System.Collections.Concurrent.ConcurrentDictionary`2.GetOrAdd(TKey key, Func`2 valueFactory)
   at Microsoft.Extensions.DependencyInjection.ServiceProvider.GetService(ServiceIdentifier serviceIdentifier, ServiceProviderEngineScope serviceProviderEngineScope)
   at Microsoft.Extensions.DependencyInjection.ServiceProvider.GetService(Type serviceType)
   at Microsoft.Extensions.DependencyInjection.ActivatorUtilities.ConstructorInfoEx.GetService(IServiceProvider serviceProvider, Int32 parameterIndex)
   at Microsoft.Extensions.DependencyInjection.ActivatorUtilities.ConstructorMatcher.CreateInstance(IServiceProvider provider)
   at Microsoft.Extensions.DependencyInjection.ActivatorUtilities.CreateInstance(IServiceProvider provider, Type instanceType, Object[] parameters)
   at Microsoft.AspNetCore.Builder.UseMiddlewareExtensions.ReflectionMiddlewareBinder.CreateMiddleware(RequestDelegate next)
   at Microsoft.AspNetCore.Builder.ApplicationBuilder.Build()
   at Microsoft.AspNetCore.Builder.ApplicationBuilder.Build()
   at Microsoft.AspNetCore.Hosting.GenericWebHostService.StartAsync(CancellationToken cancellationToken)

[22:06:35] [ERROR] [Microsoft.Extensions.Hosting.Internal.Host] Hosting failed to start
System.InvalidOperationException: Scheme already exists: Identity.Application
   at Microsoft.AspNetCore.Authentication.AuthenticationOptions.AddScheme(String name, Action`1 configureBuilder)
   at Microsoft.Extensions.Options.ConfigureNamedOptions`1.Configure(String name, TOptions options)
   at Microsoft.Extensions.Options.OptionsFactory`1.Create(String name)
   at Microsoft.Extensions.Options.UnnamedOptionsManager`1.get_Value()
   at Microsoft.AspNetCore.Authentication.AuthenticationSchemeProvider..ctor(IOptions`1 options, IDictionary`2 schemes)
   at InvokeStub_AuthenticationSchemeProvider..ctor(Object, Span`1)
   at System.Reflection.MethodBaseInvoker.InvokeWithOneArg(Object obj, BindingFlags invokeAttr, Binder binder, Object[] parameters, CultureInfo culture)
   at System.Reflection.RuntimeConstructorInfo.Invoke(BindingFlags invokeAttr, Binder binder, Object[] parameters, CultureInfo culture)
   at Microsoft.Extensions.DependencyInjection.ServiceLookup.CallSiteRuntimeResolver.VisitConstructor(ConstructorCallSite constructorCallSite, RuntimeResolverContext context)
   at Microsoft.Extensions.DependencyInjection.ServiceLookup.CallSiteVisitor`2.VisitCallSiteMain(ServiceCallSite callSite, TArgument argument)
   at Microsoft.Extensions.DependencyInjection.ServiceLookup.CallSiteRuntimeResolver.VisitRootCache(ServiceCallSite callSite, RuntimeResolverContext context)
   at Microsoft.Extensions.DependencyInjection.ServiceLookup.CallSiteVisitor`2.VisitCallSite(ServiceCallSite callSite, TArgument argument)
   at Microsoft.Extensions.DependencyInjection.ServiceLookup.CallSiteRuntimeResolver.Resolve(ServiceCallSite callSite, ServiceProviderEngineScope scope)
   at Microsoft.Extensions.DependencyInjection.ServiceProvider.CreateServiceAccessor(ServiceIdentifier serviceIdentifier)
   at System.Collections.Concurrent.ConcurrentDictionary`2.GetOrAdd(TKey key, Func`2 valueFactory)
   at Microsoft.Extensions.DependencyInjection.ServiceProvider.GetService(ServiceIdentifier serviceIdentifier, ServiceProviderEngineScope serviceProviderEngineScope)
   at Microsoft.Extensions.DependencyInjection.ServiceProvider.GetService(Type serviceType)
   at Microsoft.Extensions.DependencyInjection.ActivatorUtilities.ConstructorInfoEx.GetService(IServiceProvider serviceProvider, Int32 parameterIndex)
   at Microsoft.Extensions.DependencyInjection.ActivatorUtilities.ConstructorMatcher.CreateInstance(IServiceProvider provider)
   at Microsoft.Extensions.DependencyInjection.ActivatorUtilities.CreateInstance(IServiceProvider provider, Type instanceType, Object[] parameters)
   at Microsoft.AspNetCore.Builder.UseMiddlewareExtensions.ReflectionMiddlewareBinder.CreateMiddleware(RequestDelegate next)
   at Microsoft.AspNetCore.Builder.ApplicationBuilder.Build()
   at Microsoft.AspNetCore.Builder.ApplicationBuilder.Build()
   at Microsoft.AspNetCore.Hosting.GenericWebHostService.StartAsync(CancellationToken cancellationToken)
   at Microsoft.Extensions.Hosting.Internal.Host.<StartAsync>b__14_1(IHostedService service, CancellationToken token)
   at Microsoft.Extensions.Hosting.Internal.Host.ForeachService[T](IEnumerable`1 services, CancellationToken token, Boolean concurrent, Boolean abortOnFirstException, List`1 exceptions, Func`3 operation)

[22:07:51] [INFORMATION] [Microsoft.EntityFrameworkCore.Migrations] No migrations were found in assembly 'iiwi.Database'. A migration needs to be added before the database can be updated.

[22:07:51] [INFORMATION] [Microsoft.EntityFrameworkCore.Database.Command] Executed DbCommand (14ms) [Parameters=[], CommandType='"Text"', CommandTimeout='30']
SELECT 1

[22:07:51] [INFORMATION] [Microsoft.EntityFrameworkCore.Migrations] Acquiring an exclusive lock for migration application. See https://aka.ms/efcore-docs-migrations-lock for more information if this takes too long.

[22:07:51] [INFORMATION] [Microsoft.EntityFrameworkCore.Database.Command] Executed DbCommand (11ms) [Parameters=[], CommandType='"Text"', CommandTimeout='30']
DECLARE @result int;
EXEC @result = sp_getapplock @Resource = '__EFMigrationsLock', @LockOwner = 'Session', @LockMode = 'Exclusive';
SELECT @result

[22:07:51] [INFORMATION] [Microsoft.EntityFrameworkCore.Database.Command] Executed DbCommand (2ms) [Parameters=[], CommandType='"Text"', CommandTimeout='30']
IF OBJECT_ID(N'[__EFMigrationsHistory]') IS NULL
BEGIN
    CREATE TABLE [__EFMigrationsHistory] (
        [MigrationId] nvarchar(150) NOT NULL,
        [ProductVersion] nvarchar(32) NOT NULL,
        CONSTRAINT [PK___EFMigrationsHistory] PRIMARY KEY ([MigrationId])
    );
END;

[22:07:51] [INFORMATION] [Microsoft.EntityFrameworkCore.Database.Command] Executed DbCommand (1ms) [Parameters=[], CommandType='"Text"', CommandTimeout='30']
SELECT 1

[22:07:51] [INFORMATION] [Microsoft.EntityFrameworkCore.Database.Command] Executed DbCommand (1ms) [Parameters=[], CommandType='"Text"', CommandTimeout='30']
SELECT OBJECT_ID(N'[__EFMigrationsHistory]');

[22:07:51] [INFORMATION] [Microsoft.EntityFrameworkCore.Database.Command] Executed DbCommand (2ms) [Parameters=[], CommandType='"Text"', CommandTimeout='30']
SELECT [MigrationId], [ProductVersion]
FROM [__EFMigrationsHistory]
ORDER BY [MigrationId];

[22:07:51] [INFORMATION] [Microsoft.EntityFrameworkCore.Migrations] No migrations were applied. The database is already up to date.

[22:07:51] [INFORMATION] [Microsoft.EntityFrameworkCore.Database.Command] Executed DbCommand (1ms) [Parameters=[], CommandType='"Text"', CommandTimeout='30']
DECLARE @result int;
EXEC @result = sp_releaseapplock @Resource = '__EFMigrationsLock', @LockOwner = 'Session';
SELECT @result

